# JRE version: Java(TM) SE Runtime Environment (8.0_51-b16) (build 1.8.0_51-b16)
# Java VM: Java HotSpot(TM) 64-Bit Server VM (25.51-b03 mixed mode bsd-amd64 compressed oops)
Heap:
 PSYoungGen      total 116736K, used 110914K [0x00000007b5580000, 0x00000007c0000000, 0x00000007c0000000)
  eden space 58880K, 98% used [0x00000007b5580000,0x00000007b8e4a628,0x00000007b8f00000)
  from space 57856K, 91% used [0x00000007bc780000,0x00000007bfb06200,0x00000007c0000000)
  to   space 57856K, 0% used [0x00000007b8f00000,0x00000007b8f00000,0x00000007bc780000)
 ParOldGen       total 344064K, used 139265K [0x00000007a0000000, 0x00000007b5000000, 0x00000007b5580000)
  object space 344064K, 40% used [0x00000007a0000000,0x00000007a88007a8,0x00000007b5000000)
 Metaspace       used 3161K, capacity 4736K, committed 4864K, reserved 1056768K
  class space    used 342K, capacity 428K, committed 512K, reserved 1048576K
GC Heap History (10 events):
Event: 47332.673 GC heap before
{Heap before GC invocations=12 (full 3):
 PSYoungGen      total 116736K, used 110393K [0x00000007b5580000, 0x00000007c0000000, 0x00000007c0000000)
  eden space 58880K, 100% used [0x00000007b5580000,0x00000007b8f00000,0x00000007b8f00000)
  from space 57856K, 89% used [0x00000007bc780000,0x00000007bf9ce5f8,0x00000007c0000000)
  to   space 57856K, 0% used [0x00000007b8f00000,0x00000007b8f00000,0x00000007bc780000)
 ParOldGen       total 349696K, used 203813K [0x00000007a0000000, 0x00000007b5580000, 0x00000007b5580000)
  object space 349696K, 58% used [0x00000007a0000000,0x00000007ac7095f8,0x00000007b5580000)
 Metaspace       used 3161K, capacity 4736K, committed 4864K, reserved 1056768K
  class space    used 342K, capacity 428K, committed 512K, reserved 1048576K
Event: 47332.711 GC heap after
Heap after GC invocations=12 (full 3):
 PSYoungGen      total 116736K, used 57852K [0x00000007b5580000, 0x00000007c0000000, 0x00000007c0000000)
  eden space 58880K, 0% used [0x00000007b5580000,0x00000007b5580000,0x00000007b8f00000)
  from space 57856K, 99% used [0x00000007b8f00000,0x00000007bc77f058,0x00000007bc780000)
  to   space 57856K, 0% used [0x00000007bc780000,0x00000007bc780000,0x00000007c0000000)
 ParOldGen       total 349696K, used 265548K [0x00000007a0000000, 0x00000007b5580000, 0x00000007b5580000)
  object space 349696K, 75% used [0x00000007a0000000,0x00000007b0353160,0x00000007b5580000)
 Metaspace       used 3161K, capacity 4736K, committed 4864K, reserved 1056768K
  class space    used 342K, capacity 428K, committed 512K, reserved 1048576K
}
Event: 47332.759 GC heap before
{Heap before GC invocations=13 (full 3):
 PSYoungGen      total 116736K, used 116732K [0x00000007b5580000, 0x00000007c0000000, 0x00000007c0000000)
  eden space 58880K, 100% used [0x00000007b5580000,0x00000007b8f00000,0x00000007b8f00000)
  from space 57856K, 99% used [0x00000007b8f00000,0x00000007bc77f058,0x00000007bc780000)
  to   space 57856K, 0% used [0x00000007bc780000,0x00000007bc780000,0x00000007c0000000)
 ParOldGen       total 349696K, used 265548K [0x00000007a0000000, 0x00000007b5580000, 0x00000007b5580000)
  object space 349696K, 75% used [0x00000007a0000000,0x00000007b0353160,0x00000007b5580000)
 Metaspace       used 3161K, capacity 4736K, committed 4864K, reserved 1056768K
  class space    used 342K, capacity 428K, committed 512K, reserved 1048576K
Event: 47332.789 GC heap after
Heap after GC invocations=13 (full 3):
 PSYoungGen      total 116736K, used 57852K [0x00000007b5580000, 0x00000007c0000000, 0x00000007c0000000)
  eden space 58880K, 0% used [0x00000007b5580000,0x00000007b5580000,0x00000007b8f00000)
  from space 57856K, 99% used [0x00000007bc780000,0x00000007bffff328,0x00000007c0000000)
  to   space 57856K, 0% used [0x00000007b8f00000,0x00000007b8f00000,0x00000007bc780000)
 ParOldGen       total 349696K, used 289452K [0x00000007a0000000, 0x00000007b5580000, 0x00000007b5580000)
  object space 349696K, 82% used [0x00000007a0000000,0x00000007b1aab160,0x00000007b5580000)
 Metaspace       used 3161K, capacity 4736K, committed 4864K, reserved 1056768K
  class space    used 342K, capacity 428K, committed 512K, reserved 1048576K
}
Event: 47332.789 GC heap before
{Heap before GC invocations=14 (full 4):
 PSYoungGen      total 116736K, used 57852K [0x00000007b5580000, 0x00000007c0000000, 0x00000007c0000000)
  eden space 58880K, 0% used [0x00000007b5580000,0x00000007b5580000,0x00000007b8f00000)
  from space 57856K, 99% used [0x00000007bc780000,0x00000007bffff328,0x00000007c0000000)
  to   space 57856K, 0% used [0x00000007b8f00000,0x00000007b8f00000,0x00000007bc780000)
 ParOldGen       total 349696K, used 289452K [0x00000007a0000000, 0x00000007b5580000, 0x00000007b5580000)
  object space 349696K, 82% used [0x00000007a0000000,0x00000007b1aab160,0x00000007b5580000)
 Metaspace       used 3161K, capacity 4736K, committed 4864K, reserved 1056768K
  class space    used 342K, capacity 428K, committed 512K, reserved 1048576K
Event: 47333.149 GC heap after
Heap after GC invocations=14 (full 4):
 PSYoungGen      total 116736K, used 0K [0x00000007b5580000, 0x00000007c0000000, 0x00000007c0000000)
  eden space 58880K, 0% used [0x00000007b5580000,0x00000007b5580000,0x00000007b8f00000)
  from space 57856K, 0% used [0x00000007bc780000,0x00000007bc780000,0x00000007c0000000)
  to   space 57856K, 0% used [0x00000007b8f00000,0x00000007b8f00000,0x00000007bc780000)
 ParOldGen       total 344064K, used 90865K [0x00000007a0000000, 0x00000007b5000000, 0x00000007b5580000)
  object space 344064K, 26% used [0x00000007a0000000,0x00000007a58bc7a8,0x00000007b5000000)
 Metaspace       used 3161K, capacity 4736K, committed 4864K, reserved 1056768K
  class space    used 342K, capacity 428K, committed 512K, reserved 1048576K
}
Event: 47333.200 GC heap before
{Heap before GC invocations=15 (full 4):
 PSYoungGen      total 116736K, used 58880K [0x00000007b5580000, 0x00000007c0000000, 0x00000007c0000000)
  eden space 58880K, 100% used [0x00000007b5580000,0x00000007b8f00000,0x00000007b8f00000)
  from space 57856K, 0% used [0x00000007bc780000,0x00000007bc780000,0x00000007c0000000)
  to   space 57856K, 0% used [0x00000007b8f00000,0x00000007b8f00000,0x00000007bc780000)
 ParOldGen       total 344064K, used 90865K [0x00000007a0000000, 0x00000007b5000000, 0x00000007b5580000)
  object space 344064K, 26% used [0x00000007a0000000,0x00000007a58bc7a8,0x00000007b5000000)
 Metaspace       used 3161K, capacity 4736K, committed 4864K, reserved 1056768K
  class space    used 342K, capacity 428K, committed 512K, reserved 1048576K
Event: 47333.232 GC heap after
Heap after GC invocations=15 (full 4):
 PSYoungGen      total 116736K, used 57851K [0x00000007b5580000, 0x00000007c0000000, 0x00000007c0000000)
  eden space 58880K, 0% used [0x00000007b5580000,0x00000007b5580000,0x00000007b8f00000)
  from space 57856K, 99% used [0x00000007b8f00000,0x00000007bc77ec08,0x00000007bc780000)
  to   space 57856K, 0% used [0x00000007bc780000,0x00000007bc780000,0x00000007c0000000)
 ParOldGen       total 344064K, used 91969K [0x00000007a0000000, 0x00000007b5000000, 0x00000007b5580000)
  object space 344064K, 26% used [0x00000007a0000000,0x00000007a59d07a8,0x00000007b5000000)
 Metaspace       used 3161K, capacity 4736K, committed 4864K, reserved 1056768K
  class space    used 342K, capacity 428K, committed 512K, reserved 1048576K
}
Event: 47333.272 GC heap before
{Heap before GC invocations=16 (full 4):
 PSYoungGen      total 116736K, used 111461K [0x00000007b5580000, 0x00000007c0000000, 0x00000007c0000000)
  eden space 58880K, 91% used [0x00000007b5580000,0x00000007b89daaf0,0x00000007b8f00000)
  from space 57856K, 99% used [0x00000007b8f00000,0x00000007bc77ec08,0x00000007bc780000)
  to   space 57856K, 0% used [0x00000007bc780000,0x00000007bc780000,0x00000007c0000000)
 ParOldGen       total 344064K, used 91969K [0x00000007a0000000, 0x00000007b5000000, 0x00000007b5580000)
  object space 344064K, 26% used [0x00000007a0000000,0x00000007a59d07a8,0x00000007b5000000)
 Metaspace       used 3161K, capacity 4736K, committed 4864K, reserved 1056768K
  class space    used 342K, capacity 428K, committed 512K, reserved 1048576K
Event: 47333.332 GC heap after
Heap after GC invocations=16 (full 4):
 PSYoungGen      total 116736K, used 52760K [0x00000007b5580000, 0x00000007c0000000, 0x00000007c0000000)
  eden space 58880K, 0% used [0x00000007b5580000,0x00000007b5580000,0x00000007b8f00000)
  from space 57856K, 91% used [0x00000007bc780000,0x00000007bfb06200,0x00000007c0000000)
  to   space 57856K, 0% used [0x00000007b8f00000,0x00000007b8f00000,0x00000007bc780000)
 ParOldGen       total 344064K, used 139265K [0x00000007a0000000, 0x00000007b5000000, 0x00000007b5580000)
  object space 344064K, 40% used [0x00000007a0000000,0x00000007a88007a8,0x00000007b5000000)
 Metaspace       used 3161K, capacity 4736K, committed 4864K, reserved 1056768K
  class space    used 342K, capacity 428K, committed 512K, reserved 1048576K
}

